[19:30:18] [ServerMain/INFO]: [bootstrap] Running Java 21 (OpenJDK 64-Bit Server VM 21+35-LTS; Eclipse Adoptium Temurin-21+35) on Linux 6.18.12-200.fc43.x86_64 (amd64)
[19:30:18] [ServerMain/INFO]: [bootstrap] Loading Paper 1.21.11-127-main@bd74bf6 (2026-03-10T02:55:23Z) for Minecraft 1.21.11
[19:30:21] [ServerMain/INFO]: [PluginInitializerManager] Initializing plugins...
[19:30:21] [ServerMain/INFO]: [PluginInitializerManager] Initialized 13 plugins
[19:30:21] [ServerMain/INFO]: [PluginInitializerManager] Paper plugins (1):
 - CrazyCrates (5.0.0)
[19:30:21] [ServerMain/INFO]: [PluginInitializerManager] Bukkit plugins (12):
 - AuctionHouse (3.7.1), AuthMe (5.7.0-FORK-b53), BetterRTP (3.6.13), Citizens (2.0.41-SNAPSHOT (build 4134)), DeluxeMenus (1.14.1-Release), Essentials (2.22.0-dev+74-d7452bf), EssentialsChat (2.22.0-dev+74-d7452bf), EssentialsSpawn (2.22.0-dev+74-d7452bf), LuckPerms (5.5.0), Vault (1.5.4), WorldEdit (7.4.1+76eaf25bd), WorldGuard (7.0.15+2347-5fafea6)
[19:30:26] [ServerMain/INFO]: Environment: Environment[sessionHost=https://sessionserver.mojang.com, servicesHost=https://api.minecraftservices.com, profilesHost=https://api.mojang.com, name=PROD]
[19:30:27] [ServerMain/INFO]: Loaded 1470 recipes
[19:30:27] [ServerMain/INFO]: Loaded 1584 advancements
[19:30:27] [ServerMain/INFO]: [ca.spottedleaf.dataconverter.minecraft.datatypes.MCTypeRegistry] Initialising converters for DataConverter...
[19:30:27] [ServerMain/INFO]: [ca.spottedleaf.dataconverter.minecraft.datatypes.MCTypeRegistry] Finished initialising converters for DataConverter in 331.9ms
[19:30:28] [Server thread/INFO]: Starting minecraft server version 1.21.11
[19:30:28] [Server thread/INFO]: Loading properties
[19:30:28] [Server thread/INFO]: This server is running Paper version 1.21.11-127-main@bd74bf6 (2026-03-10T02:55:23Z) (Implementing API version 1.21.11-R0.1-SNAPSHOT)
[19:30:28] [Server thread/INFO]: [spark] This server bundles the spark profiler. For more information please visit https://docs.papermc.io/paper/profiling
[19:30:28] [Server thread/INFO]: Using 4 threads for Netty based IO
[19:30:28] [Server thread/INFO]: Server Ping Player Sample Count: 12
[19:30:28] [Server thread/INFO]: [MoonriseCommon] Paper is using 3 worker threads, 1 I/O threads
[19:30:29] [Server thread/INFO]: Default game type: SURVIVAL
[19:30:29] [Server thread/INFO]: Generating keypair
[19:30:29] [Server thread/INFO]: Starting Minecraft server on *:25566
[19:30:29] [Server thread/INFO]: Paper: Using libdeflate (Linux x86_64) compression from Velocity.
[19:30:29] [Server thread/INFO]: Paper: Using OpenSSL 3.x.x (Linux x86_64) cipher from Velocity.
[19:30:29] [Server thread/INFO]: [SpigotLibraryLoader] [Citizens] Loading 4 libraries... please wait
[19:30:29] [Server thread/INFO]: [SpigotLibraryLoader] [Citizens] Loaded library /run/media/mohitsoni/New Volume/MOHIT/Dax Server Main/Hub/libraries/ch/ethz/globis/phtree/phtree/2.8.2/phtree-2.8.2.jar
[19:30:29] [Server thread/INFO]: [SpigotLibraryLoader] [Citizens] Loaded library /run/media/mohitsoni/New Volume/MOHIT/Dax Server Main/Hub/libraries/org/joml/joml/1.10.8/joml-1.10.8.jar
[19:30:29] [Server thread/INFO]: [SpigotLibraryLoader] [Citizens] Loaded library /run/media/mohitsoni/New Volume/MOHIT/Dax Server Main/Hub/libraries/it/unimi/dsi/fastutil/8.5.16/fastutil-8.5.16.jar
[19:30:29] [Server thread/INFO]: [SpigotLibraryLoader] [Citizens] Loaded library /run/media/mohitsoni/New Volume/MOHIT/Dax Server Main/Hub/libraries/team/unnamed/mocha/3.0.0/mocha-3.0.0.jar
[19:30:29] [Server thread/INFO]: [SpigotLibraryLoader] [Citizens] Loaded library /run/media/mohitsoni/New Volume/MOHIT/Dax Server Main/Hub/libraries/org/javassist/javassist/3.30.2-GA/javassist-3.30.2-GA.jar
[19:30:29] [Server thread/INFO]: [SpigotLibraryLoader] [Citizens] Loaded library /run/media/mohitsoni/New Volume/MOHIT/Dax Server Main/Hub/libraries/org/jetbrains/annotations/24.0.1/annotations-24.0.1.jar
[19:30:29] [Server thread/INFO]: [LuckPerms] Loading server plugin LuckPerms v5.5.0
[19:30:30] [Server thread/INFO]: [Vault] Loading server plugin Vault v1.5.4
[19:30:30] [Server thread/INFO]: [WorldEdit] Loading server plugin WorldEdit v7.4.1+76eaf25bd
[19:30:30] [Server thread/INFO]: Got request to register class com.sk89q.worldedit.bukkit.BukkitServerInterface with WorldEdit [com.sk89q.worldedit.extension.platform.PlatformManager@311d6a09]
[19:30:30] [Server thread/INFO]: [Essentials] Loading server plugin Essentials v2.22.0-dev+74-d7452bf
[19:30:30] [Server thread/INFO]: [WorldGuard] Loading server plugin WorldGuard v7.0.15+2347-5fafea6
[19:30:30] [Server thread/INFO]: [EssentialsSpawn] Loading server plugin EssentialsSpawn v2.22.0-dev+74-d7452bf
[19:30:30] [Server thread/INFO]: [EssentialsChat] Loading server plugin EssentialsChat v2.22.0-dev+74-d7452bf
[19:30:30] [Server thread/INFO]: [DeluxeMenus] Loading server plugin DeluxeMenus v1.14.1-Release
[19:30:30] [Server thread/WARN]: [DeluxeMenus] Could not setup a NMS hook for your server version! The following Item options will not work: nbt_int, nbt_ints, nbt_string and nbt_strings.
[19:30:30] [Server thread/INFO]: [CrazyCrates] Loading server plugin CrazyCrates v5.0.0
[19:30:30] [Server thread/INFO]: [Citizens] Loading server plugin Citizens v2.0.41-SNAPSHOT (build 4134)
[19:30:30] [Server thread/INFO]: [BetterRTP] Loading server plugin BetterRTP v3.6.13
[19:30:30] [Server thread/INFO]: [AuthMe] Loading server plugin AuthMe v5.7.0-FORK-b53
[19:30:30] [Server thread/INFO]: [AuctionHouse] Loading server plugin AuctionHouse v3.7.1
[19:30:30] [Server thread/INFO]: Server permissions file permissions.yml is empty, ignoring it
[19:30:30] [Server thread/INFO]: [LuckPerms] Enabling LuckPerms v5.5.0
[19:30:31] [Server thread/INFO]:         __    
[19:30:31] [Server thread/INFO]:   |    |__)   LuckPerms v5.5.0
[19:30:31] [Server thread/INFO]:   |___ |      Running on Bukkit - Paper
[19:30:31] [Server thread/INFO]: 
[19:30:31] [Server thread/INFO]: [LuckPerms] Loading configuration...
[19:30:31] [Server thread/INFO]: [LuckPerms] Loading storage provider... [H2]
[19:30:31] [Server thread/INFO]: [LuckPerms] Loading internal permission managers...
[19:30:31] [Server thread/INFO]: [LuckPerms] Performing initial data load...
[19:30:31] [Server thread/INFO]: [LuckPerms] Successfully enabled. (took 935ms)
[19:30:31] [Server thread/INFO]: [Vault] Enabling Vault v1.5.4
[19:30:31] [Server thread/INFO]: [Vault] Internal economy registered without depending on Vault.jar
[19:30:31] [Server thread/INFO]: [LuckPerms] Registered Vault permission & chat hook.
[19:30:31] [Server thread/INFO]: [WorldEdit] Enabling WorldEdit v7.4.1+76eaf25bd
[19:30:31] [Server thread/INFO]: Registering commands with com.sk89q.worldedit.bukkit.BukkitServerInterface
[19:30:31] [Server thread/INFO]: WEPIF: Vault detected! Using Vault for permissions
[19:30:32] [Server thread/INFO]: Using com.sk89q.worldedit.bukkit.adapter.impl.v1_21_11.PaperweightAdapter as the Bukkit adapter
[19:30:32] [Server thread/WARN]: **** SERVER IS RUNNING IN OFFLINE/INSECURE MODE!
[19:30:32] [Server thread/WARN]: The server will make no attempt to authenticate usernames. Beware.
[19:30:32] [Server thread/WARN]: Whilst this makes it possible to use Velocity, unless access to your server is properly restricted, it also opens up the ability for hackers to connect with any username they choose.
[19:30:32] [Server thread/WARN]: Please see https://docs.papermc.io/velocity/security for further information.
[19:30:32] [Server thread/WARN]: To change this, set "online-mode" to "true" in the server.properties file.
[19:30:32] [Server thread/INFO]: Preparing level "world"
[19:30:32] [Server thread/INFO]: [ca.spottedleaf.moonrise.common.util.MoonriseConstants] NUMA enable flag is not set; however there is NUMA interaction support for this OS.
[19:30:32] [Server thread/INFO]: [ca.spottedleaf.moonrise.common.util.MoonriseConstants] Detected 1 NUMA nodes.
[19:30:33] [Server thread/INFO]: Loading 0 persistent chunks for world 'minecraft:overworld'...
[19:30:33] [Server thread/INFO]: Prepared spawn area in 2 ms
[19:30:33] [Server thread/INFO]: Loading 0 persistent chunks for world 'minecraft:the_nether'...
[19:30:33] [Server thread/INFO]: Prepared spawn area in 0 ms
[19:30:33] [Server thread/INFO]: Loading 0 persistent chunks for world 'minecraft:the_end'...
[19:30:33] [Server thread/INFO]: Preparing spawn area: 100%
[19:30:33] [Server thread/INFO]: Prepared spawn area in 2 ms
[19:30:33] [Server thread/INFO]: Done preparing level "world" (0.790s)
[19:30:33] [Server thread/INFO]: [Essentials] Enabling Essentials v2.22.0-dev+74-d7452bf
[19:30:33] [Server thread/INFO]: [Essentials] Attempting to convert old kits in config.yml to new kits.yml
[19:30:33] [Server thread/INFO]: [Essentials] No kits found to migrate.
[19:30:33] [Server thread/INFO]: [Essentials] Selected 1.17.1+ World Info Provider as the provider for WorldInfoProvider
[19:30:33] [Server thread/INFO]: [Essentials] Selected Reflection Online Mode Provider as the provider for OnlineModeProvider
[19:30:33] [Server thread/INFO]: [Essentials] Selected 1.12+ Spawner Block Provider as the provider for SpawnerBlockProvider
[19:30:33] [Server thread/INFO]: [Essentials] Selected 1.12.2+ Player Locale Provider as the provider for PlayerLocaleProvider
[19:30:33] [Server thread/INFO]: [Essentials] Selected Paper 1.13+ Tile Entity Provider as the provider for TileEntityProvider
[19:30:33] [Server thread/INFO]: [Essentials] Selected 1.21.4+ Sync Commands Provider as the provider for SyncCommandsProvider
[19:30:33] [Server thread/INFO]: [Essentials] Selected Paper Server State Provider as the provider for ServerStateProvider
[19:30:33] [Server thread/INFO]: [Essentials] Selected Reflection Formatted Command Alias Provider as the provider for FormattedCommandAliasProvider
[19:30:33] [Server thread/INFO]: [Essentials] Selected Paper Known Commands Provider as the provider for KnownCommandsProvider
[19:30:33] [Server thread/INFO]: [Essentials] Selected Paper Material Tag Provider as the provider for MaterialTagProvider
[19:30:33] [Server thread/INFO]: [Essentials] Selected 1.11+ Item Unbreakable Provider as the provider for ItemUnbreakableProvider
[19:30:33] [Server thread/INFO]: [Essentials] Selected 1.14+ Sign Data Provider as the provider for SignDataProvider
[19:30:33] [Server thread/INFO]: [Essentials] Selected 1.20.6+ Potion Meta Provider as the provider for PotionMetaProvider
[19:30:33] [Server thread/INFO]: [Essentials] Selected 1.8.3+ Spawner Item Provider as the provider for SpawnerItemProvider
[19:30:33] [Server thread/INFO]: [Essentials] Selected 1.20.4+ Damage Event Provider as the provider for DamageEventProvider
[19:30:33] [Server thread/INFO]: [Essentials] Selected Paper Container Provider as the provider for ContainerProvider
[19:30:33] [Server thread/INFO]: [Essentials] Selected 1.21+ InventoryView Interface ABI Provider as the provider for InventoryViewProvider
[19:30:33] [Server thread/INFO]: [Essentials] Selected 1.20.5+ Banner Data Provider as the provider for BannerDataProvider
[19:30:33] [Server thread/INFO]: [Essentials] Selected Paper Biome Key Provider as the provider for BiomeKeyProvider
[19:30:33] [Server thread/INFO]: [Essentials] Selected 1.14.4+ Persistent Data Container Provider as the provider for PersistentDataProvider
[19:30:33] [Server thread/INFO]: [Essentials] Selected 1.13+ Spawn Egg Provider as the provider for SpawnEggProvider
[19:30:33] [Server thread/INFO]: [Essentials] Selected Paper Tick Count Provider as the provider for TickCountProvider
[19:30:33] [Server thread/INFO]: [Essentials] Selected Paper Serialization Provider as the provider for SerializationProvider
[19:30:33] [Server thread/INFO]: [Essentials] Selected Legacy Biome Name Provider as the provider for BiomeNameProvider
[19:30:34] [Server thread/INFO]: [Essentials] Loaded 46309 items from items.json.
[19:30:34] [Server thread/INFO]: [Essentials] Using locale en_US
[19:30:34] [Server thread/INFO]: [Essentials] ServerListPingEvent: Spigot iterator API
[19:30:34] [Server thread/INFO]: [Essentials] Starting Metrics. Opt-out using the global bStats config.
[19:30:34] [Server thread/INFO]: [Essentials] Using Vault based permissions (LuckPerms)
[19:30:34] [Server thread/INFO]: [WorldGuard] Enabling WorldGuard v7.0.15+2347-5fafea6
[19:30:34] [Server thread/INFO]: [WorldGuard] (world) TNT ignition is PERMITTED.
[19:30:34] [Server thread/INFO]: [WorldGuard] (world) Lighters are PERMITTED.
[19:30:34] [Server thread/INFO]: [WorldGuard] (world) Lava fire is PERMITTED.
[19:30:34] [Server thread/INFO]: [WorldGuard] (world) Fire spread is UNRESTRICTED.
[19:30:34] [Server thread/INFO]: [WorldGuard] Loaded configuration for world 'world'
[19:30:34] [Server thread/INFO]: [WorldGuard] (world_nether) TNT ignition is PERMITTED.
[19:30:34] [Server thread/INFO]: [WorldGuard] (world_nether) Lighters are PERMITTED.
[19:30:34] [Server thread/INFO]: [WorldGuard] (world_nether) Lava fire is PERMITTED.
[19:30:34] [Server thread/INFO]: [WorldGuard] (world_nether) Fire spread is UNRESTRICTED.
[19:30:34] [Server thread/INFO]: [WorldGuard] Loaded configuration for world 'world_nether'
[19:30:34] [Server thread/INFO]: [WorldGuard] (world_the_end) TNT ignition is PERMITTED.
[19:30:34] [Server thread/INFO]: [WorldGuard] (world_the_end) Lighters are PERMITTED.
[19:30:34] [Server thread/INFO]: [WorldGuard] (world_the_end) Lava fire is PERMITTED.
[19:30:34] [Server thread/INFO]: [WorldGuard] (world_the_end) Fire spread is UNRESTRICTED.
[19:30:34] [Server thread/INFO]: [WorldGuard] Loaded configuration for world 'world_the_end'
[19:30:34] [Server thread/INFO]: [WorldGuard] Loading region data...
[19:30:34] [Server thread/INFO]: [EssentialsSpawn] Enabling EssentialsSpawn v2.22.0-dev+74-d7452bf
[19:30:34] [Server thread/INFO]: [EssentialsSpawn] Starting Metrics. Opt-out using the global bStats config.
[19:30:34] [Server thread/INFO]: [EssentialsChat] Enabling EssentialsChat v2.22.0-dev+74-d7452bf
[19:30:34] [Server thread/INFO]: [EssentialsChat] Starting Metrics. Opt-out using the global bStats config.
[19:30:34] [Server thread/INFO]: [DeluxeMenus] Enabling DeluxeMenus v1.14.1-Release
[19:30:34] [Server thread/ERROR]: [DeluxeMenus] Could not hook into PlaceholderAPI!
DeluxeMenus will now disable!
[19:30:34] [Server thread/INFO]: [DeluxeMenus] Disabling DeluxeMenus v1.14.1-Release
[19:30:34] [Server thread/ERROR]: Error occurred while disabling DeluxeMenus v1.14.1-Release
java.lang.NullPointerException: Cannot invoke "java.util.Map.clear()" because "this.itemHooks" is null
	at DeluxeMenus-1.14.1-Release.jar//com.extendedclip.deluxemenus.DeluxeMenus.onDisable(DeluxeMenus.java:125) ~[?:?]
	at org.bukkit.plugin.java.JavaPlugin.setEnabled(JavaPlugin.java:285) ~[paper-api-1.21.11-R0.1-SNAPSHOT.jar:?]
	at io.papermc.paper.plugin.manager.PaperPluginInstanceManager.disablePlugin(PaperPluginInstanceManager.java:242) ~[paper-1.21.11.jar:1.21.11-127-bd74bf6]
	at io.papermc.paper.plugin.manager.PaperPluginManagerImpl.disablePlugin(PaperPluginManagerImpl.java:114) ~[paper-1.21.11.jar:1.21.11-127-bd74bf6]
	at org.bukkit.plugin.SimplePluginManager.disablePlugin(SimplePluginManager.java:550) ~[paper-api-1.21.11-R0.1-SNAPSHOT.jar:?]
	at DeluxeMenus-1.14.1-Release.jar//com.extendedclip.deluxemenus.DeluxeMenus.onEnable(DeluxeMenus.java:81) ~[?:?]
	at org.bukkit.plugin.java.JavaPlugin.setEnabled(JavaPlugin.java:279) ~[paper-api-1.21.11-R0.1-SNAPSHOT.jar:?]
	at io.papermc.paper.plugin.manager.PaperPluginInstanceManager.enablePlugin(PaperPluginInstanceManager.java:207) ~[paper-1.21.11.jar:1.21.11-127-bd74bf6]
	at io.papermc.paper.plugin.manager.PaperPluginManagerImpl.enablePlugin(PaperPluginManagerImpl.java:109) ~[paper-1.21.11.jar:1.21.11-127-bd74bf6]
	at org.bukkit.plugin.SimplePluginManager.enablePlugin(SimplePluginManager.java:520) ~[paper-api-1.21.11-R0.1-SNAPSHOT.jar:?]
	at org.bukkit.craftbukkit.CraftServer.enablePlugin(CraftServer.java:639) ~[paper-1.21.11.jar:1.21.11-127-bd74bf6]
	at org.bukkit.craftbukkit.CraftServer.enablePlugins(CraftServer.java:596) ~[paper-1.21.11.jar:1.21.11-127-bd74bf6]
	at net.minecraft.server.MinecraftServer.initPostWorld(MinecraftServer.java:636) ~[paper-1.21.11.jar:1.21.11-127-bd74bf6]
	at net.minecraft.server.dedicated.DedicatedServer.initServer(DedicatedServer.java:365) ~[paper-1.21.11.jar:1.21.11-127-bd74bf6]
	at net.minecraft.server.MinecraftServer.runServer(MinecraftServer.java:1253) ~[paper-1.21.11.jar:1.21.11-127-bd74bf6]
	at net.minecraft.server.MinecraftServer.lambda$spin$2(MinecraftServer.java:388) ~[paper-1.21.11.jar:1.21.11-127-bd74bf6]
	at java.base/java.lang.Thread.run(Thread.java:1583) ~[?:?]
[19:30:34] [Server thread/INFO]: [CrazyCrates] Enabling CrazyCrates v5.0.0
[19:30:35] [Server thread/INFO]: [Citizens] Enabling Citizens v2.0.41-SNAPSHOT (build 4134)
[19:30:36] [Server thread/INFO]: [Citizens] Loaded 2 templates.
[19:30:36] [Server thread/INFO]: [Citizens] Loaded economy handling via Vault.
[19:30:36] [Server thread/INFO]: [BetterRTP] Enabling BetterRTP v3.6.13
[19:30:36] [Server thread/INFO]: [BetterRTP] Cooldown = 600
[19:30:36] [Server thread/INFO]: [AuthMe] Enabling AuthMe v5.7.0-FORK-b53
[19:30:36] [Server thread/INFO]: [AuthMe] You are running an unofficial fork version of AuthMe!
[19:30:36] [Server thread/INFO]: [AuthMe] SQLite Setup finished
[19:30:36] [Server thread/INFO]: [AuthMe] Hooked into LuckPerms!
[19:30:37] [Server thread/INFO]: [AuthMe] Hooked successfully into Essentials
[19:30:37] [Server thread/WARN]: [AuthMe] "AuthMe v5.7.0-FORK-b53" has registered a listener for org.spigotmc.event.player.PlayerSpawnLocationEvent on method "public void fr.xephi.authme.listener.PlayerListener19Spigot.onPlayerSpawn(org.spigotmc.event.player.PlayerSpawnLocationEvent)", but the event is Deprecated. "Listening to this event causes the player to be created early. Using the player from this event will result in undefined behavior. Prefer AsyncPlayerSpawnLocationEvent."; please notify the authors [sgdc3, games647, Hex3l, krusic22].
[19:30:37] [Server thread/INFO]: [AuthMe] 
    ___         __  __    __  ___   
   /   | __  __/ /_/ /_  /  |/  /__ 
  / /| |/ / / / __/ __ \/ /|_/ / _ \
 / ___ / /_/ / /_/ / / / /  / /  __/
/_/  |_\__,_/\__/_/ /_/_/  /_/\___/ 
                                    
[19:30:37] [Server thread/INFO]: [AuthMe] AuthMeReReloaded is running on Paper
[19:30:37] [Server thread/INFO]: [AuthMe] AuthMeReReloaded is enabled successfully!
[19:30:37] [Server thread/INFO]: [AuthMe] GitHub: https://github.com/HaHaWTH/AuthMeReReloaded/
[19:30:37] [Server thread/INFO]: [AuthMe] Checking for updates...
[19:30:37] [Server thread/INFO]: [AuctionHouse] Enabling AuctionHouse v3.7.1
[19:30:37] [Server thread/INFO]: [AuctionHouse] Found locale file en_us.json
[19:30:37] [Server thread/WARN]: [AuctionHouse] A backup of the database has been saved with .backup extension.
[19:30:37] [Server thread/INFO]: [AuctionHouse] Using NMS version craftbukkit
[19:30:37] [Server thread/ERROR]: [AuctionHouse] Error! This plugin only supports Spigot-API 1.20.4-R0.1-SNAPSHOT!
[19:30:37] [Server thread/ERROR]: [AuctionHouse] Plugin will be disabled!
[19:30:37] [Server thread/INFO]: [AuctionHouse] Disabling AuctionHouse v3.7.1
[19:30:37] [Server thread/INFO]: [AuctionHouse] Saving auctions data
[19:30:37] [Server thread/INFO]: [spark] Starting background profiler...
[19:30:37] [Server thread/INFO]: Running delayed init tasks
[19:30:37] [Server thread/INFO]: [Essentials] Essentials found a compatible payment resolution method: Vault Compatibility Layer (v1.5.4)!
[19:30:37] [Craft Scheduler Thread - 2 - Essentials/INFO]: [Essentials] Fetching version information...
[19:30:38] [User Authenticator #0/INFO]: UUID of player 9Mohitsoni1 is b1ee2a71-cd27-342f-95c2-558a66c88ccd
[19:30:38] [Server thread/INFO]: [Citizens] Loaded 2 NPCs.
[19:30:38] [Server thread/INFO]: Done (20.282s)! For help, type "help"
[19:30:38] [Server thread/INFO]: [HorriblePlayerLoginEventHack] You have plugins listening to the PlayerLoginEvent, this will cause re-configuration APIs to be unavailable: [LuckPerms, AuthMe, WorldGuard]
[19:30:39] [Craft Scheduler Thread - 5 - AuthMe/INFO]: [AuthMe] You are running the latest version.
[19:30:39] [Server thread/INFO]: 9Mohitsoni1[/127.0.0.1:45964] logged in with entity id 9 at ([world]16.0, 85.0, -48.0)
[19:30:39] [Craft Scheduler Thread - 6 - AuthMe/INFO]: [AuthMe] 9Mohitsoni1 logged in 127.0.0.1
[19:30:40] [Server thread/INFO]: [Essentials] CONSOLE issued server command: /tp 9Mohitsoni1 1000 250 1000
[19:30:40] [Server thread/INFO]: Teleporting...
[19:30:45] [Server thread/INFO]: 9Mohitsoni1 lost connection: Disconnected
[19:31:34] [User Authenticator #0/INFO]: UUID of player mastermen1 is e6a65441-b3ba-393f-a2cd-da5a65150ba8
[19:31:35] [Server thread/INFO]: mastermen1[/10.168.189.222:33760] logged in with entity id 188 at ([world]16.0, 85.0, -48.0)
[19:31:36] [Craft Scheduler Thread - 11 - AuthMe/INFO]: [AuthMe] mastermen1 logged in 10.168.189.222
[19:31:36] [Server thread/INFO]: [Essentials] CONSOLE issued server command: /tp mastermen1 1000 250 1000
[19:31:36] [Server thread/INFO]: Teleporting...
[19:31:39] [Server thread/INFO]: mastermen1 lost connection: Disconnected
