[03-22 21:58:47]: [INFO] Created column 'regdate' and set the current timestamp, 1774196927225, to all 0 rows
[03-22 21:58:47]: [INFO] SQLite Setup finished
[03-22 21:58:47]: [INFO] No supported permissions system found! Permissions are disabled!
[03-22 21:58:48]: [INFO] 
    ___         __  __    __  ___   
   /   | __  __/ /_/ /_  /  |/  /__ 
  / /| |/ / / / __/ __ \/ /|_/ / _ \
 / ___ / /_/ / /_/ / / / /  / /  __/
/_/  |_\__,_/\__/_/ /_/_/  /_/\___/ 
                                    
[03-22 21:58:48]: [INFO] AuthMeReReloaded is running on Paper
[03-22 21:58:48]: [INFO] AuthMeReReloaded is enabled successfully!
[03-22 21:58:48]: [INFO] GitHub: https://github.com/HaHaWTH/AuthMeReReloaded/
[03-22 21:58:48]: [INFO] Checking for updates...
[03-22 21:58:49]: [INFO] You are running the latest version.
[03-22 21:59:00]: [INFO] AuthMe 5.7.0-FORK-b53 is unloaded successfully!
[03-22 22:02:17]: [INFO] SQLite Setup finished
[03-22 22:02:17]: [INFO] No supported permissions system found! Permissions are disabled!
[03-22 22:02:17]: [INFO] 
    ___         __  __    __  ___   
   /   | __  __/ /_/ /_  /  |/  /__ 
  / /| |/ / / / __/ __ \/ /|_/ / _ \
 / ___ / /_/ / /_/ / / / /  / /  __/
/_/  |_\__,_/\__/_/ /_/_/  /_/\___/ 
                                    
[03-22 22:02:17]: [INFO] AuthMeReReloaded is running on Paper
[03-22 22:02:17]: [INFO] AuthMeReReloaded is enabled successfully!
[03-22 22:02:17]: [INFO] GitHub: https://github.com/HaHaWTH/AuthMeReReloaded/
[03-22 22:02:17]: [INFO] Checking for updates...
[03-22 22:02:19]: [INFO] You are running the latest version.
[03-22 22:05:57]: [INFO] AuthMe 5.7.0-FORK-b53 is unloaded successfully!
[03-22 22:06:13]: [INFO] SQLite Setup finished
[03-22 22:06:14]: [INFO] No supported permissions system found! Permissions are disabled!
[03-22 22:06:14]: [INFO] 
    ___         __  __    __  ___   
   /   | __  __/ /_/ /_  /  |/  /__ 
  / /| |/ / / / __/ __ \/ /|_/ / _ \
 / ___ / /_/ / /_/ / / / /  / /  __/
/_/  |_\__,_/\__/_/ /_/_/  /_/\___/ 
                                    
[03-22 22:06:14]: [INFO] AuthMeReReloaded is running on Paper
[03-22 22:06:14]: [INFO] AuthMeReReloaded is enabled successfully!
[03-22 22:06:14]: [INFO] GitHub: https://github.com/HaHaWTH/AuthMeReReloaded/
[03-22 22:06:14]: [INFO] Checking for updates...
[03-22 22:06:16]: [INFO] You are running the latest version.
[03-22 22:21:14]: [INFO:FINE] mastermen1 registered 127.0.0.1
[03-22 22:21:14]: [INFO:FINE] mastermen1 logged in 127.0.0.1
[03-22 22:28:25]: [INFO:FINE] mastermen1 logged in 127.0.0.1
[03-22 22:43:26]: [INFO] AuthMe 5.7.0-FORK-b53 is unloaded successfully!
[03-22 22:43:47]: [INFO] SQLite Setup finished
[03-22 22:43:47]: [INFO] No supported permissions system found! Permissions are disabled!
[03-22 22:43:48]: [INFO] Hooked successfully into Essentials
[03-22 22:43:48]: [INFO] Essentials spawn file not found: 'D:\xyz\games\Dax Server\plugins\Essentials\spawn.yml'
[03-22 22:43:48]: [INFO] 
    ___         __  __    __  ___   
   /   | __  __/ /_/ /_  /  |/  /__ 
  / /| |/ / / / __/ __ \/ /|_/ / _ \
 / ___ / /_/ / /_/ / / / /  / /  __/
/_/  |_\__,_/\__/_/ /_/_/  /_/\___/ 
                                    
[03-22 22:43:48]: [INFO] AuthMeReReloaded is running on Paper
[03-22 22:43:48]: [INFO] AuthMeReReloaded is enabled successfully!
[03-22 22:43:48]: [INFO] GitHub: https://github.com/HaHaWTH/AuthMeReReloaded/
[03-22 22:43:48]: [INFO] Checking for updates...
[03-22 22:43:49]: [INFO] You are running the latest version.
[03-22 22:43:52]: [INFO:FINE] mastermen1 logged in 127.0.0.1
[03-22 22:57:57]: [INFO] mastermen1 logged out
[03-22 22:58:18]: [INFO:FINE] mastermen1 logged in 127.0.0.1
[03-22 23:00:40]: [INFO] AuthMe 5.7.0-FORK-b53 is unloaded successfully!
[03-22 23:00:58]: [INFO] SQLite Setup finished
[03-22 23:00:58]: [INFO] No supported permissions system found! Permissions are disabled!
[03-22 23:00:58]: [INFO] Hooked successfully into Essentials
[03-22 23:00:58]: [INFO] 
    ___         __  __    __  ___   
   /   | __  __/ /_/ /_  /  |/  /__ 
  / /| |/ / / / __/ __ \/ /|_/ / _ \
 / ___ / /_/ / /_/ / / / /  / /  __/
/_/  |_\__,_/\__/_/ /_/_/  /_/\___/ 
                                    
[03-22 23:00:58]: [INFO] AuthMeReReloaded is running on Paper
[03-22 23:00:58]: [INFO] AuthMeReReloaded is enabled successfully!
[03-22 23:00:58]: [INFO] GitHub: https://github.com/HaHaWTH/AuthMeReReloaded/
[03-22 23:00:58]: [INFO] Checking for updates...
[03-22 23:00:59]: [INFO] You are running the latest version.
[03-22 23:01:02]: [INFO:FINE] mastermen1 logged in 127.0.0.1
[03-22 23:02:16]: [INFO] AuthMe 5.7.0-FORK-b53 is unloaded successfully!
[03-22 23:02:33]: [INFO] SQLite Setup finished
[03-22 23:02:34]: [INFO] No supported permissions system found! Permissions are disabled!
[03-22 23:02:34]: [INFO] Hooked successfully into Essentials
[03-22 23:02:34]: [INFO] 
    ___         __  __    __  ___   
   /   | __  __/ /_/ /_  /  |/  /__ 
  / /| |/ / / / __/ __ \/ /|_/ / _ \
 / ___ / /_/ / /_/ / / / /  / /  __/
/_/  |_\__,_/\__/_/ /_/_/  /_/\___/ 
                                    
[03-22 23:02:34]: [INFO] AuthMeReReloaded is running on Paper
[03-22 23:02:34]: [INFO] AuthMeReReloaded is enabled successfully!
[03-22 23:02:34]: [INFO] GitHub: https://github.com/HaHaWTH/AuthMeReReloaded/
[03-22 23:02:34]: [INFO] Checking for updates...
[03-22 23:02:35]: [INFO] You are running the latest version.
[03-22 23:02:40]: [INFO:FINE] mastermen1 logged in 127.0.0.1
[03-22 23:07:06]: [INFO] mastermen1 logged out
[03-22 23:07:22]: [INFO:FINE] mastermen1 logged in 127.0.0.1
[03-22 23:08:23]: [INFO] mastermen1 logged out
[03-22 23:08:35]: [INFO:FINE] mastermen1 logged in 127.0.0.1
[03-22 23:09:38]: [INFO] mastermen1 logged out
[03-22 23:09:55]: [INFO:FINE] mastermen1 logged in 127.0.0.1
[03-22 23:10:56]: [INFO] mastermen1 logged out
[03-22 23:11:04]: [INFO:FINE] mastermen1 logged in 127.0.0.1
[03-22 23:11:28]: [INFO] mastermen1 logged out
[03-22 23:11:42]: [INFO:FINE] mastermen1 logged in 127.0.0.1
[03-22 23:11:45]: [INFO] mastermen1 logged out
[03-22 23:11:48]: [INFO:FINE] mastermen1 logged in 127.0.0.1
[03-22 23:14:13]: [INFO] mastermen1 logged out
[03-22 23:14:19]: [INFO:FINE] mastermen1 logged in 127.0.0.1
[03-22 23:14:39]: [INFO] mastermen1 logged out
[03-22 23:14:50]: [INFO:FINE] mastermen1 logged in 127.0.0.1
[03-22 23:15:05]: [INFO] AuthMe 5.7.0-FORK-b53 is unloaded successfully!
[03-23 00:01:42]: [INFO] SQLite Setup finished
[03-23 00:01:42]: [INFO] No supported permissions system found! Permissions are disabled!
[03-23 00:01:42]: [INFO] Hooked successfully into Essentials
[03-23 00:01:42]: [INFO] 
    ___         __  __    __  ___   
   /   | __  __/ /_/ /_  /  |/  /__ 
  / /| |/ / / / __/ __ \/ /|_/ / _ \
 / ___ / /_/ / /_/ / / / /  / /  __/
/_/  |_\__,_/\__/_/ /_/_/  /_/\___/ 
                                    
[03-23 00:01:42]: [INFO] AuthMeReReloaded is running on Paper
[03-23 00:01:42]: [INFO] AuthMeReReloaded is enabled successfully!
[03-23 00:01:42]: [INFO] GitHub: https://github.com/HaHaWTH/AuthMeReReloaded/
[03-23 00:01:42]: [INFO] Checking for updates...
[03-23 00:01:43]: [INFO] You are running the latest version.
[03-23 00:02:15]: [INFO:FINE] mastermen1 logged in 127.0.0.1
[03-23 00:13:15]: [INFO] AuthMe 5.7.0-FORK-b53 is unloaded successfully!
[03-23 00:14:00]: [INFO] SQLite Setup finished
[03-23 00:14:01]: [WARN] Error while hooking into Vault [PermissionHandlerException]: Could not load permissions provider service
[03-23 00:14:01]: fr.xephi.authme.permission.handlers.PermissionHandlerException: Could not load permissions provider service
	at AuthMe-5.7.0-FORK-Universal.jar//fr.xephi.authme.permission.handlers.VaultHandler.getVaultPermission(VaultHandler.java:45)
	at AuthMe-5.7.0-FORK-Universal.jar//fr.xephi.authme.permission.handlers.VaultHandler.<init>(VaultHandler.java:29)
	at AuthMe-5.7.0-FORK-Universal.jar//fr.xephi.authme.permission.PermissionsManager.createPermissionHandler(PermissionsManager.java:142)
	at AuthMe-5.7.0-FORK-Universal.jar//fr.xephi.authme.permission.PermissionsManager.setup(PermissionsManager.java:93)
	at java.base/jdk.internal.reflect.DirectMethodHandleAccessor.invoke(DirectMethodHandleAccessor.java:104)
	at java.base/java.lang.reflect.Method.invoke(Method.java:565)
	at AuthMe-5.7.0-FORK-Universal.jar//fr.xephi.authme.libs.ch.jalu.injector.utils.ReflectionUtils.invokeMethod(ReflectionUtils.java:73)
	at AuthMe-5.7.0-FORK-Universal.jar//fr.xephi.authme.libs.ch.jalu.injector.handlers.postconstruct.PostConstructMethodInvoker.postProcess(PostConstructMethodInvoker.java:27)
	at AuthMe-5.7.0-FORK-Universal.jar//fr.xephi.authme.libs.ch.jalu.injector.InjectorImpl.runPostConstructHandlers(InjectorImpl.java:271)
	at AuthMe-5.7.0-FORK-Universal.jar//fr.xephi.authme.libs.ch.jalu.injector.InjectorImpl.resolveContext(InjectorImpl.java:164)
	at AuthMe-5.7.0-FORK-Universal.jar//fr.xephi.authme.libs.ch.jalu.injector.InjectorImpl.resolveDependencies(InjectorImpl.java:186)
	at AuthMe-5.7.0-FORK-Universal.jar//fr.xephi.authme.libs.ch.jalu.injector.InjectorImpl.resolveContext(InjectorImpl.java:158)
	at AuthMe-5.7.0-FORK-Universal.jar//fr.xephi.authme.libs.ch.jalu.injector.InjectorImpl.resolveDependencies(InjectorImpl.java:186)
	at AuthMe-5.7.0-FORK-Universal.jar//fr.xephi.authme.libs.ch.jalu.injector.InjectorImpl.resolveContext(InjectorImpl.java:158)
	at AuthMe-5.7.0-FORK-Universal.jar//fr.xephi.authme.libs.ch.jalu.injector.InjectorImpl.resolve(InjectorImpl.java:133)
	at AuthMe-5.7.0-FORK-Universal.jar//fr.xephi.authme.libs.ch.jalu.injector.InjectorImpl.getSingleton(InjectorImpl.java:72)
	at AuthMe-5.7.0-FORK-Universal.jar//fr.xephi.authme.AuthMe.instantiateServices(AuthMe.java:299)
	at AuthMe-5.7.0-FORK-Universal.jar//fr.xephi.authme.AuthMe.initialize(AuthMe.java:273)
	at AuthMe-5.7.0-FORK-Universal.jar//fr.xephi.authme.AuthMe.onEnable(AuthMe.java:182)
	at org.bukkit.plugin.java.JavaPlugin.setEnabled(JavaPlugin.java:279)
	at io.papermc.paper.plugin.manager.PaperPluginInstanceManager.enablePlugin(PaperPluginInstanceManager.java:207)
	at io.papermc.paper.plugin.manager.PaperPluginManagerImpl.enablePlugin(PaperPluginManagerImpl.java:109)
	at org.bukkit.plugin.SimplePluginManager.enablePlugin(SimplePluginManager.java:520)
	at org.bukkit.craftbukkit.CraftServer.enablePlugin(CraftServer.java:639)
	at org.bukkit.craftbukkit.CraftServer.enablePlugins(CraftServer.java:596)
	at net.minecraft.server.MinecraftServer.initPostWorld(MinecraftServer.java:636)
	at net.minecraft.server.dedicated.DedicatedServer.initServer(DedicatedServer.java:365)
	at net.minecraft.server.MinecraftServer.runServer(MinecraftServer.java:1253)
	at net.minecraft.server.MinecraftServer.lambda$spin$2(MinecraftServer.java:388)
	at java.base/java.lang.Thread.run(Thread.java:1447)

[03-23 00:14:01]: [INFO] No supported permissions system found! Permissions are disabled!
[03-23 00:14:01]: [INFO] Hooked successfully into Essentials
[03-23 00:14:01]: [INFO] 
    ___         __  __    __  ___   
   /   | __  __/ /_/ /_  /  |/  /__ 
  / /| |/ / / / __/ __ \/ /|_/ / _ \
 / ___ / /_/ / /_/ / / / /  / /  __/
/_/  |_\__,_/\__/_/ /_/_/  /_/\___/ 
                                    
[03-23 00:14:01]: [INFO] AuthMeReReloaded is running on Paper
[03-23 00:14:01]: [INFO] AuthMeReReloaded is enabled successfully!
[03-23 00:14:01]: [INFO] GitHub: https://github.com/HaHaWTH/AuthMeReReloaded/
[03-23 00:14:01]: [INFO] Checking for updates...
[03-23 00:14:02]: [INFO] You are running the latest version.
[03-23 00:16:47]: [INFO:FINE] 9Mohitsoni1 registered 10.93.27.6
[03-23 00:16:47]: [INFO:FINE] 9Mohitsoni1 logged in 10.93.27.6
[03-23 00:16:52]: [INFO:FINE] mastermen1 logged in 10.93.27.222
[03-23 00:16:56]: [INFO:FINE] 9Mohitsoni1 logged in 10.93.27.6
[03-23 00:17:37]: [INFO:FINE] 9Mohitsoni1 logged in 10.93.27.6
[03-23 00:17:46]: [INFO:FINE] 9Mohitsoni1 logged in 10.93.27.6
[03-23 00:30:43]: [INFO] AuthMe 5.7.0-FORK-b53 is unloaded successfully!
[03-23 00:31:21]: [INFO] SQLite Setup finished
[03-23 00:31:21]: [INFO] Hooked into LuckPerms!
[03-23 00:31:21]: [INFO] Hooked successfully into Essentials
[03-23 00:31:21]: [INFO] 
    ___         __  __    __  ___   
   /   | __  __/ /_/ /_  /  |/  /__ 
  / /| |/ / / / __/ __ \/ /|_/ / _ \
 / ___ / /_/ / /_/ / / / /  / /  __/
/_/  |_\__,_/\__/_/ /_/_/  /_/\___/ 
                                    
[03-23 00:31:21]: [INFO] AuthMeReReloaded is running on Paper
[03-23 00:31:21]: [INFO] AuthMeReReloaded is enabled successfully!
[03-23 00:31:21]: [INFO] GitHub: https://github.com/HaHaWTH/AuthMeReReloaded/
[03-23 00:31:21]: [INFO] Checking for updates...
[03-23 00:31:22]: [INFO] You are running the latest version.
[03-23 00:33:45]: [INFO:FINE] mastermen1 logged in 10.93.27.222
[03-23 01:03:00]: [INFO] AuthMe 5.7.0-FORK-b53 is unloaded successfully!
[03-23 12:45:49]: [INFO] SQLite Setup finished
[03-23 12:45:49]: [INFO] Hooked into LuckPerms!
[03-23 12:45:49]: [INFO] Hooked successfully into Essentials
[03-23 12:45:49]: [INFO] 
    ___         __  __    __  ___   
   /   | __  __/ /_/ /_  /  |/  /__ 
  / /| |/ / / / __/ __ \/ /|_/ / _ \
 / ___ / /_/ / /_/ / / / /  / /  __/
/_/  |_\__,_/\__/_/ /_/_/  /_/\___/ 
                                    
[03-23 12:45:49]: [INFO] AuthMeReReloaded is running on Paper
[03-23 12:45:49]: [INFO] AuthMeReReloaded is enabled successfully!
[03-23 12:45:49]: [INFO] GitHub: https://github.com/HaHaWTH/AuthMeReReloaded/
[03-23 12:45:49]: [INFO] Checking for updates...
[03-23 12:45:50]: [INFO] You are running the latest version.
[03-23 12:46:16]: [INFO:FINE] mastermen1 logged in 127.0.0.1
[03-23 12:50:13]: [INFO:FINE] mastermen1 logged in 127.0.0.1
[03-23 12:50:23]: [INFO] mastermen1 logged out
[03-23 12:51:07]: [INFO:FINE] mastermen1 logged in 127.0.0.1
[03-23 13:06:34]: [INFO:FINE] mastermen1 logged in 127.0.0.1
[03-23 13:38:40]: [INFO] AuthMe 5.7.0-FORK-b53 is unloaded successfully!
[03-23 14:11:51]: [INFO] SQLite Setup finished
[03-23 14:11:51]: [INFO] Hooked into LuckPerms!
[03-23 14:11:51]: [INFO] Hooked successfully into Essentials
[03-23 14:11:51]: [INFO] 
    ___         __  __    __  ___   
   /   | __  __/ /_/ /_  /  |/  /__ 
  / /| |/ / / / __/ __ \/ /|_/ / _ \
 / ___ / /_/ / /_/ / / / /  / /  __/
/_/  |_\__,_/\__/_/ /_/_/  /_/\___/ 
                                    
[03-23 14:11:51]: [INFO] AuthMeReReloaded is running on Paper
[03-23 14:11:51]: [INFO] AuthMeReReloaded is enabled successfully!
[03-23 14:11:51]: [INFO] GitHub: https://github.com/HaHaWTH/AuthMeReReloaded/
[03-23 14:11:51]: [INFO] Checking for updates...
[03-23 14:11:52]: [INFO] You are running the latest version.
[03-23 14:12:00]: [INFO] AuthMe 5.7.0-FORK-b53 is unloaded successfully!
[03-23 14:20:03]: [INFO] SQLite Setup finished
[03-23 14:20:03]: [INFO] Hooked into LuckPerms!
[03-23 14:20:03]: [INFO] Hooked successfully into Essentials
[03-23 14:20:03]: [INFO] Hooked successfully into PlaceholderAPI
[03-23 14:20:04]: [INFO] 
    ___         __  __    __  ___   
   /   | __  __/ /_/ /_  /  |/  /__ 
  / /| |/ / / / __/ __ \/ /|_/ / _ \
 / ___ / /_/ / /_/ / / / /  / /  __/
/_/  |_\__,_/\__/_/ /_/_/  /_/\___/ 
                                    
[03-23 14:20:04]: [INFO] AuthMeReReloaded is running on Paper
[03-23 14:20:04]: [INFO] AuthMeReReloaded is enabled successfully!
[03-23 14:20:04]: [INFO] GitHub: https://github.com/HaHaWTH/AuthMeReReloaded/
[03-23 14:20:04]: [INFO] Checking for updates...
[03-23 14:20:05]: [INFO] You are running the latest version.
[03-23 14:30:41]: [INFO] AuthMe 5.7.0-FORK-b53 is unloaded successfully!
[03-23 14:31:15]: [INFO] SQLite Setup finished
[03-23 14:31:15]: [INFO] Hooked into LuckPerms!
[03-23 14:31:15]: [INFO] Hooked successfully into Essentials
[03-23 14:31:15]: [INFO] Hooked successfully into PlaceholderAPI
[03-23 14:31:16]: [INFO] 
    ___         __  __    __  ___   
   /   | __  __/ /_/ /_  /  |/  /__ 
  / /| |/ / / / __/ __ \/ /|_/ / _ \
 / ___ / /_/ / /_/ / / / /  / /  __/
/_/  |_\__,_/\__/_/ /_/_/  /_/\___/ 
                                    
[03-23 14:31:16]: [INFO] AuthMeReReloaded is running on Paper
[03-23 14:31:16]: [INFO] AuthMeReReloaded is enabled successfully!
[03-23 14:31:16]: [INFO] GitHub: https://github.com/HaHaWTH/AuthMeReReloaded/
[03-23 14:31:16]: [INFO] Checking for updates...
[03-23 14:31:17]: [INFO] You are running the latest version.
[03-23 14:33:30]: [INFO] AuthMe 5.7.0-FORK-b53 is unloaded successfully!
[03-23 14:33:59]: [INFO] SQLite Setup finished
[03-23 14:33:59]: [INFO] Hooked into LuckPerms!
[03-23 14:34:00]: [INFO] Hooked successfully into Essentials
[03-23 14:34:00]: [INFO] Hooked successfully into PlaceholderAPI
[03-23 14:34:00]: [INFO] 
    ___         __  __    __  ___   
   /   | __  __/ /_/ /_  /  |/  /__ 
  / /| |/ / / / __/ __ \/ /|_/ / _ \
 / ___ / /_/ / /_/ / / / /  / /  __/
/_/  |_\__,_/\__/_/ /_/_/  /_/\___/ 
                                    
[03-23 14:34:00]: [INFO] AuthMeReReloaded is running on Paper
[03-23 14:34:00]: [INFO] AuthMeReReloaded is enabled successfully!
[03-23 14:34:00]: [INFO] GitHub: https://github.com/HaHaWTH/AuthMeReReloaded/
[03-23 14:34:00]: [INFO] Checking for updates...
[03-23 14:34:01]: [INFO] You are running the latest version.
[03-23 14:38:31]: [INFO] AuthMe 5.7.0-FORK-b53 is unloaded successfully!
[03-23 14:39:47]: [INFO] SQLite Setup finished
[03-23 14:39:47]: [INFO] Hooked into LuckPerms!
[03-23 14:39:47]: [INFO] Hooked successfully into Essentials
[03-23 14:39:47]: [INFO] Hooked successfully into PlaceholderAPI
[03-23 14:39:47]: [INFO] 
    ___         __  __    __  ___   
   /   | __  __/ /_/ /_  /  |/  /__ 
  / /| |/ / / / __/ __ \/ /|_/ / _ \
 / ___ / /_/ / /_/ / / / /  / /  __/
/_/  |_\__,_/\__/_/ /_/_/  /_/\___/ 
                                    
[03-23 14:39:47]: [INFO] AuthMeReReloaded is running on Paper
[03-23 14:39:47]: [INFO] AuthMeReReloaded is enabled successfully!
[03-23 14:39:47]: [INFO] GitHub: https://github.com/HaHaWTH/AuthMeReReloaded/
[03-23 14:39:47]: [INFO] Checking for updates...
[03-23 14:39:48]: [INFO] You are running the latest version.
[03-23 15:12:05]: [INFO:FINE] mastermen1 logged in 127.0.0.1
[03-23 15:13:39]: [INFO:FINE] mastermen1 logged in 127.0.0.1
[03-23 15:17:19]: [INFO:FINE] mastermen1 logged in 127.0.0.1
[03-23 15:31:18]: [INFO] AuthMe 5.7.0-FORK-b53 is unloaded successfully!
[03-23 16:39:05]: [INFO] SQLite Setup finished
[03-23 16:39:05]: [INFO] Hooked into LuckPerms!
[03-23 16:39:05]: [INFO] Hooked successfully into Essentials
[03-23 16:39:05]: [INFO] Hooked successfully into PlaceholderAPI
[03-23 16:39:05]: [INFO] 
    ___         __  __    __  ___   
   /   | __  __/ /_/ /_  /  |/  /__ 
  / /| |/ / / / __/ __ \/ /|_/ / _ \
 / ___ / /_/ / /_/ / / / /  / /  __/
/_/  |_\__,_/\__/_/ /_/_/  /_/\___/ 
                                    
[03-23 16:39:05]: [INFO] AuthMeReReloaded is running on Paper
[03-23 16:39:05]: [INFO] AuthMeReReloaded is enabled successfully!
[03-23 16:39:05]: [INFO] GitHub: https://github.com/HaHaWTH/AuthMeReReloaded/
[03-23 16:39:05]: [INFO] Checking for updates...
[03-23 16:39:07]: [INFO] You are running the latest version.
[03-23 16:40:55]: [INFO:FINE] mastermen1 logged in 127.0.0.1
[03-23 16:42:14]: [INFO] AuthMe 5.7.0-FORK-b53 is unloaded successfully!
[03-23 17:09:13]: [INFO] SQLite Setup finished
[03-23 17:09:13]: [INFO] Hooked into LuckPerms!
[03-23 17:09:14]: [INFO] Hooked successfully into Essentials
[03-23 17:09:14]: [INFO] Hooked successfully into PlaceholderAPI
[03-23 17:09:14]: [INFO] 
    ___         __  __    __  ___   
   /   | __  __/ /_/ /_  /  |/  /__ 
  / /| |/ / / / __/ __ \/ /|_/ / _ \
 / ___ / /_/ / /_/ / / / /  / /  __/
/_/  |_\__,_/\__/_/ /_/_/  /_/\___/ 
                                    
[03-23 17:09:14]: [INFO] AuthMeReReloaded is running on Paper
[03-23 17:09:14]: [INFO] AuthMeReReloaded is enabled successfully!
[03-23 17:09:14]: [INFO] GitHub: https://github.com/HaHaWTH/AuthMeReReloaded/
[03-23 17:09:14]: [INFO] Checking for updates...
[03-23 17:09:15]: [INFO] You are running the latest version.
[03-23 17:10:18]: [INFO:FINE] mastermen1 logged in 10.168.189.222
[03-23 17:11:58]: [INFO:FINE] 9Mohitsoni1 logged in 127.0.0.1
[03-23 17:44:18]: [INFO] AuthMe 5.7.0-FORK-b53 is unloaded successfully!
[03-23 17:44:46]: [INFO] SQLite Setup finished
[03-23 17:44:47]: [INFO] Hooked into LuckPerms!
[03-23 17:44:47]: [INFO] Hooked successfully into Essentials
[03-23 17:44:47]: [INFO] Hooked successfully into PlaceholderAPI
[03-23 17:44:47]: [INFO] 
    ___         __  __    __  ___   
   /   | __  __/ /_/ /_  /  |/  /__ 
  / /| |/ / / / __/ __ \/ /|_/ / _ \
 / ___ / /_/ / /_/ / / / /  / /  __/
/_/  |_\__,_/\__/_/ /_/_/  /_/\___/ 
                                    
[03-23 17:44:47]: [INFO] AuthMeReReloaded is running on Paper
[03-23 17:44:47]: [INFO] AuthMeReReloaded is enabled successfully!
[03-23 17:44:47]: [INFO] GitHub: https://github.com/HaHaWTH/AuthMeReReloaded/
[03-23 17:44:47]: [INFO] Checking for updates...
[03-23 17:44:48]: [INFO] You are running the latest version.
[03-23 17:51:58]: [INFO] AuthMe 5.7.0-FORK-b53 is unloaded successfully!
[03-23 17:53:01]: [INFO] SQLite Setup finished
[03-23 17:53:01]: [INFO] Hooked into LuckPerms!
[03-23 17:53:01]: [INFO] Hooked successfully into Essentials
[03-23 17:53:01]: [INFO] Hooked successfully into PlaceholderAPI
[03-23 17:53:02]: [INFO] 
    ___         __  __    __  ___   
   /   | __  __/ /_/ /_  /  |/  /__ 
  / /| |/ / / / __/ __ \/ /|_/ / _ \
 / ___ / /_/ / /_/ / / / /  / /  __/
/_/  |_\__,_/\__/_/ /_/_/  /_/\___/ 
                                    
[03-23 17:53:02]: [INFO] AuthMeReReloaded is running on Paper
[03-23 17:53:02]: [INFO] AuthMeReReloaded is enabled successfully!
[03-23 17:53:02]: [INFO] GitHub: https://github.com/HaHaWTH/AuthMeReReloaded/
[03-23 17:53:02]: [INFO] Checking for updates...
[03-23 17:53:03]: [INFO] You are running the latest version.
[03-23 17:55:24]: [INFO:FINE] 9Mohitsoni1 logged in 127.0.0.1
[03-23 18:04:22]: [INFO] AuthMe 5.7.0-FORK-b53 is unloaded successfully!
[03-23 18:05:02]: [INFO] SQLite Setup finished
[03-23 18:05:02]: [INFO] Hooked into LuckPerms!
[03-23 18:05:02]: [INFO] Hooked successfully into Essentials
[03-23 18:05:02]: [INFO] Hooked successfully into PlaceholderAPI
[03-23 18:05:02]: [INFO] 
    ___         __  __    __  ___   
   /   | __  __/ /_/ /_  /  |/  /__ 
  / /| |/ / / / __/ __ \/ /|_/ / _ \
 / ___ / /_/ / /_/ / / / /  / /  __/
/_/  |_\__,_/\__/_/ /_/_/  /_/\___/ 
                                    
[03-23 18:05:02]: [INFO] AuthMeReReloaded is running on Paper
[03-23 18:05:02]: [INFO] AuthMeReReloaded is enabled successfully!
[03-23 18:05:02]: [INFO] GitHub: https://github.com/HaHaWTH/AuthMeReReloaded/
[03-23 18:05:02]: [INFO] Checking for updates...
[03-23 18:05:03]: [INFO] You are running the latest version.
[03-23 18:05:14]: [INFO:FINE] 9Mohitsoni1 logged in 127.0.0.1
[03-23 18:05:33]: [INFO] AuthMe 5.7.0-FORK-b53 is unloaded successfully!
[03-23 18:07:12]: [INFO] SQLite Setup finished
[03-23 18:07:12]: [INFO] Hooked into LuckPerms!
[03-23 18:07:12]: [INFO] Hooked successfully into Essentials
[03-23 18:07:12]: [INFO] Hooked successfully into PlaceholderAPI
[03-23 18:07:13]: [INFO] 
    ___         __  __    __  ___   
   /   | __  __/ /_/ /_  /  |/  /__ 
  / /| |/ / / / __/ __ \/ /|_/ / _ \
 / ___ / /_/ / /_/ / / / /  / /  __/
/_/  |_\__,_/\__/_/ /_/_/  /_/\___/ 
                                    
[03-23 18:07:13]: [INFO] AuthMeReReloaded is running on Paper
[03-23 18:07:13]: [INFO] AuthMeReReloaded is enabled successfully!
[03-23 18:07:13]: [INFO] GitHub: https://github.com/HaHaWTH/AuthMeReReloaded/
[03-23 18:07:13]: [INFO] Checking for updates...
[03-23 18:07:16]: [INFO:FINE] 9Mohitsoni1 logged in 127.0.0.1
[03-23 18:07:17]: [INFO] You are running the latest version.
[03-23 18:08:48]: [INFO] AuthMe 5.7.0-FORK-b53 is unloaded successfully!
[03-23 18:15:33]: [INFO] SQLite Setup finished
[03-23 18:15:33]: [INFO] Hooked into LuckPerms!
[03-23 18:15:34]: [INFO] Hooked successfully into Essentials
[03-23 18:15:34]: [INFO] Hooked successfully into PlaceholderAPI
[03-23 18:15:34]: [INFO] 
    ___         __  __    __  ___   
   /   | __  __/ /_/ /_  /  |/  /__ 
  / /| |/ / / / __/ __ \/ /|_/ / _ \
 / ___ / /_/ / /_/ / / / /  / /  __/
/_/  |_\__,_/\__/_/ /_/_/  /_/\___/ 
                                    
[03-23 18:15:34]: [INFO] AuthMeReReloaded is running on Paper
[03-23 18:15:34]: [INFO] AuthMeReReloaded is enabled successfully!
[03-23 18:15:34]: [INFO] GitHub: https://github.com/HaHaWTH/AuthMeReReloaded/
[03-23 18:15:34]: [INFO] Checking for updates...
[03-23 18:15:35]: [INFO] You are running the latest version.
[03-23 18:15:39]: [INFO:FINE] 9Mohitsoni1 logged in 127.0.0.1
[03-23 18:16:03]: [INFO] AuthMe 5.7.0-FORK-b53 is unloaded successfully!
[03-23 18:16:46]: [INFO] SQLite Setup finished
[03-23 18:16:46]: [INFO] Hooked into LuckPerms!
[03-23 18:16:46]: [INFO] Hooked successfully into Essentials
[03-23 18:16:46]: [INFO] Hooked successfully into PlaceholderAPI
[03-23 18:16:46]: [INFO] 
    ___         __  __    __  ___   
   /   | __  __/ /_/ /_  /  |/  /__ 
  / /| |/ / / / __/ __ \/ /|_/ / _ \
 / ___ / /_/ / /_/ / / / /  / /  __/
/_/  |_\__,_/\__/_/ /_/_/  /_/\___/ 
                                    
[03-23 18:16:46]: [INFO] AuthMeReReloaded is running on Paper
[03-23 18:16:46]: [INFO] AuthMeReReloaded is enabled successfully!
[03-23 18:16:46]: [INFO] GitHub: https://github.com/HaHaWTH/AuthMeReReloaded/
[03-23 18:16:46]: [INFO] Checking for updates...
[03-23 18:16:47]: [INFO] You are running the latest version.
[03-23 18:16:52]: [INFO:FINE] 9Mohitsoni1 logged in 127.0.0.1
[03-23 18:21:31]: [INFO:FINE] mastermen1 logged in 10.168.189.222
[03-23 18:43:57]: [INFO] AuthMe 5.7.0-FORK-b53 is unloaded successfully!
[03-23 18:44:30]: [INFO] SQLite Setup finished
[03-23 18:44:30]: [INFO] Hooked into LuckPerms!
[03-23 18:44:31]: [INFO] Hooked successfully into Essentials
[03-23 18:44:31]: [INFO] Hooked successfully into PlaceholderAPI
[03-23 18:44:31]: [INFO] 
    ___         __  __    __  ___   
   /   | __  __/ /_/ /_  /  |/  /__ 
  / /| |/ / / / __/ __ \/ /|_/ / _ \
 / ___ / /_/ / /_/ / / / /  / /  __/
/_/  |_\__,_/\__/_/ /_/_/  /_/\___/ 
                                    
[03-23 18:44:31]: [INFO] AuthMeReReloaded is running on Paper
[03-23 18:44:31]: [INFO] AuthMeReReloaded is enabled successfully!
[03-23 18:44:31]: [INFO] GitHub: https://github.com/HaHaWTH/AuthMeReReloaded/
[03-23 18:44:31]: [INFO] Checking for updates...
[03-23 18:44:32]: [INFO] You are running the latest version.
[03-23 18:44:45]: [INFO:FINE] 9Mohitsoni1 logged in 127.0.0.1
[03-23 18:57:50]: [INFO] AuthMe 5.7.0-FORK-b53 is unloaded successfully!
[03-23 19:07:25]: [INFO] SQLite Setup finished
[03-23 19:07:25]: [INFO] Hooked into LuckPerms!
[03-23 19:07:26]: [INFO] Hooked successfully into Essentials
[03-23 19:07:26]: [INFO] Hooked successfully into PlaceholderAPI
[03-23 19:07:26]: [INFO] 
    ___         __  __    __  ___   
   /   | __  __/ /_/ /_  /  |/  /__ 
  / /| |/ / / / __/ __ \/ /|_/ / _ \
 / ___ / /_/ / /_/ / / / /  / /  __/
/_/  |_\__,_/\__/_/ /_/_/  /_/\___/ 
                                    
[03-23 19:07:26]: [INFO] AuthMeReReloaded is running on Paper
[03-23 19:07:26]: [INFO] AuthMeReReloaded is enabled successfully!
[03-23 19:07:26]: [INFO] GitHub: https://github.com/HaHaWTH/AuthMeReReloaded/
[03-23 19:07:26]: [INFO] Checking for updates...
[03-23 19:07:27]: [INFO] You are running the latest version.
[03-23 19:08:31]: [INFO:FINE] 9Mohitsoni1 logged in 127.0.0.1
[03-23 19:12:50]: [INFO] AuthMe 5.7.0-FORK-b53 is unloaded successfully!
[03-23 19:13:20]: [INFO] SQLite Setup finished
[03-23 19:13:20]: [INFO] Hooked into LuckPerms!
[03-23 19:13:20]: [INFO] Hooked successfully into Essentials
[03-23 19:13:20]: [INFO] Hooked successfully into PlaceholderAPI
[03-23 19:13:20]: [INFO] 
    ___         __  __    __  ___   
   /   | __  __/ /_/ /_  /  |/  /__ 
  / /| |/ / / / __/ __ \/ /|_/ / _ \
 / ___ / /_/ / /_/ / / / /  / /  __/
/_/  |_\__,_/\__/_/ /_/_/  /_/\___/ 
                                    
[03-23 19:13:20]: [INFO] AuthMeReReloaded is running on Paper
[03-23 19:13:20]: [INFO] AuthMeReReloaded is enabled successfully!
[03-23 19:13:20]: [INFO] GitHub: https://github.com/HaHaWTH/AuthMeReReloaded/
[03-23 19:13:20]: [INFO] Checking for updates...
[03-23 19:13:21]: [INFO] You are running the latest version.
[03-23 19:13:42]: [INFO:FINE] 9Mohitsoni1 logged in 127.0.0.1
[03-23 19:15:24]: [INFO:FINE] mastermen1 logged in 10.168.189.222
[03-23 19:17:12]: [INFO] AuthMe 5.7.0-FORK-b53 is unloaded successfully!
[03-23 19:17:42]: [INFO] SQLite Setup finished
[03-23 19:17:42]: [INFO] Hooked into LuckPerms!
[03-23 19:17:42]: [INFO] Hooked successfully into Essentials
[03-23 19:17:42]: [INFO] Hooked successfully into PlaceholderAPI
[03-23 19:17:42]: [INFO] 
    ___         __  __    __  ___   
   /   | __  __/ /_/ /_  /  |/  /__ 
  / /| |/ / / / __/ __ \/ /|_/ / _ \
 / ___ / /_/ / /_/ / / / /  / /  __/
/_/  |_\__,_/\__/_/ /_/_/  /_/\___/ 
                                    
[03-23 19:17:42]: [INFO] AuthMeReReloaded is running on Paper
[03-23 19:17:42]: [INFO] AuthMeReReloaded is enabled successfully!
[03-23 19:17:42]: [INFO] GitHub: https://github.com/HaHaWTH/AuthMeReReloaded/
[03-23 19:17:42]: [INFO] Checking for updates...
[03-23 19:17:43]: [INFO] You are running the latest version.
[03-23 19:17:45]: [INFO:FINE] 9Mohitsoni1 logged in 127.0.0.1
[03-23 19:19:56]: [INFO:FINE] mastermen1 logged in 10.168.189.222
[03-23 19:20:45]: [INFO] AuthMe 5.7.0-FORK-b53 is unloaded successfully!
[03-23 19:21:18]: [INFO] SQLite Setup finished
[03-23 19:21:18]: [INFO] Hooked into LuckPerms!
[03-23 19:21:18]: [INFO] Hooked successfully into Essentials
[03-23 19:21:18]: [INFO] Hooked successfully into PlaceholderAPI
[03-23 19:21:18]: [INFO] 
    ___         __  __    __  ___   
   /   | __  __/ /_/ /_  /  |/  /__ 
  / /| |/ / / / __/ __ \/ /|_/ / _ \
 / ___ / /_/ / /_/ / / / /  / /  __/
/_/  |_\__,_/\__/_/ /_/_/  /_/\___/ 
                                    
[03-23 19:21:18]: [INFO] AuthMeReReloaded is running on Paper
[03-23 19:21:18]: [INFO] AuthMeReReloaded is enabled successfully!
[03-23 19:21:18]: [INFO] GitHub: https://github.com/HaHaWTH/AuthMeReReloaded/
[03-23 19:21:18]: [INFO] Checking for updates...
[03-23 19:21:19]: [INFO] You are running the latest version.
[03-23 19:21:34]: [INFO:FINE] 9Mohitsoni1 logged in 127.0.0.1
[03-23 19:23:30]: [INFO:FINE] mastermen1 logged in 10.168.189.222
[03-23 19:25:11]: [INFO] AuthMe 5.7.0-FORK-b53 is unloaded successfully!
[03-23 19:25:41]: [INFO] SQLite Setup finished
[03-23 19:25:41]: [INFO] Hooked into LuckPerms!
[03-23 19:25:41]: [INFO] Hooked successfully into Essentials
[03-23 19:25:41]: [INFO] Hooked successfully into PlaceholderAPI
[03-23 19:25:42]: [INFO] 
    ___         __  __    __  ___   
   /   | __  __/ /_/ /_  /  |/  /__ 
  / /| |/ / / / __/ __ \/ /|_/ / _ \
 / ___ / /_/ / /_/ / / / /  / /  __/
/_/  |_\__,_/\__/_/ /_/_/  /_/\___/ 
                                    
[03-23 19:25:42]: [INFO] AuthMeReReloaded is running on Paper
[03-23 19:25:42]: [INFO] AuthMeReReloaded is enabled successfully!
[03-23 19:25:42]: [INFO] GitHub: https://github.com/HaHaWTH/AuthMeReReloaded/
[03-23 19:25:42]: [INFO] Checking for updates...
[03-23 19:25:43]: [INFO] You are running the latest version.
[03-23 19:25:44]: [INFO:FINE] 9Mohitsoni1 logged in 127.0.0.1
[03-23 19:30:12]: [INFO] AuthMe 5.7.0-FORK-b53 is unloaded successfully!
[03-23 19:30:43]: [INFO] SQLite Setup finished
[03-23 19:30:43]: [INFO] Hooked into LuckPerms!
[03-23 19:30:43]: [INFO] Hooked successfully into Essentials
[03-23 19:30:43]: [INFO] Hooked successfully into PlaceholderAPI
[03-23 19:30:43]: [INFO] 
    ___         __  __    __  ___   
   /   | __  __/ /_/ /_  /  |/  /__ 
  / /| |/ / / / __/ __ \/ /|_/ / _ \
 / ___ / /_/ / /_/ / / / /  / /  __/
/_/  |_\__,_/\__/_/ /_/_/  /_/\___/ 
                                    
[03-23 19:30:43]: [INFO] AuthMeReReloaded is running on Paper
[03-23 19:30:43]: [INFO] AuthMeReReloaded is enabled successfully!
[03-23 19:30:43]: [INFO] GitHub: https://github.com/HaHaWTH/AuthMeReReloaded/
[03-23 19:30:43]: [INFO] Checking for updates...
[03-23 19:30:44]: [INFO] You are running the latest version.
[03-23 19:30:46]: [INFO:FINE] 9Mohitsoni1 logged in 127.0.0.1
[03-23 19:31:39]: [INFO:FINE] mastermen1 logged in 10.168.189.222
[03-23 22:59:36]: [INFO] SQLite Setup finished
[03-23 22:59:36]: [INFO] Hooked into LuckPerms!
[03-23 22:59:36]: [INFO] Hooked successfully into Essentials
[03-23 22:59:36]: [INFO] Hooked successfully into PlaceholderAPI
[03-23 22:59:36]: [INFO] 
    ___         __  __    __  ___   
   /   | __  __/ /_/ /_  /  |/  /__ 
  / /| |/ / / / __/ __ \/ /|_/ / _ \
 / ___ / /_/ / /_/ / / / /  / /  __/
/_/  |_\__,_/\__/_/ /_/_/  /_/\___/ 
                                    
[03-23 22:59:36]: [INFO] AuthMeReReloaded is running on Paper
[03-23 22:59:36]: [INFO] AuthMeReReloaded is enabled successfully!
[03-23 22:59:36]: [INFO] GitHub: https://github.com/HaHaWTH/AuthMeReReloaded/
[03-23 22:59:36]: [INFO] Checking for updates...
[03-23 22:59:37]: [INFO] You are running the latest version.
[03-23 22:59:40]: [INFO:FINE] 9Mohitsoni1 logged in 127.0.0.1
[03-23 23:03:30]: [INFO] AuthMe 5.7.0-FORK-b53 is unloaded successfully!
[03-23 23:04:01]: [INFO] SQLite Setup finished
[03-23 23:04:01]: [INFO] Hooked into LuckPerms!
[03-23 23:04:01]: [INFO] Hooked successfully into Essentials
[03-23 23:04:01]: [INFO] Hooked successfully into PlaceholderAPI
[03-23 23:04:01]: [INFO] 
    ___         __  __    __  ___   
   /   | __  __/ /_/ /_  /  |/  /__ 
  / /| |/ / / / __/ __ \/ /|_/ / _ \
 / ___ / /_/ / /_/ / / / /  / /  __/
/_/  |_\__,_/\__/_/ /_/_/  /_/\___/ 
                                    
[03-23 23:04:01]: [INFO] AuthMeReReloaded is running on Paper
[03-23 23:04:01]: [INFO] AuthMeReReloaded is enabled successfully!
[03-23 23:04:01]: [INFO] GitHub: https://github.com/HaHaWTH/AuthMeReReloaded/
[03-23 23:04:01]: [INFO] Checking for updates...
[03-23 23:04:02]: [INFO] You are running the latest version.
[03-23 23:04:11]: [INFO:FINE] 9Mohitsoni1 logged in 127.0.0.1
[03-23 23:06:10]: [INFO] AuthMe 5.7.0-FORK-b53 is unloaded successfully!
[03-23 23:06:42]: [INFO] SQLite Setup finished
[03-23 23:06:42]: [INFO] Hooked into LuckPerms!
[03-23 23:06:42]: [INFO] Hooked successfully into Essentials
[03-23 23:06:42]: [INFO] Hooked successfully into PlaceholderAPI
[03-23 23:06:42]: [INFO] 
    ___         __  __    __  ___   
   /   | __  __/ /_/ /_  /  |/  /__ 
  / /| |/ / / / __/ __ \/ /|_/ / _ \
 / ___ / /_/ / /_/ / / / /  / /  __/
/_/  |_\__,_/\__/_/ /_/_/  /_/\___/ 
                                    
[03-23 23:06:42]: [INFO] AuthMeReReloaded is running on Paper
[03-23 23:06:42]: [INFO] AuthMeReReloaded is enabled successfully!
[03-23 23:06:42]: [INFO] GitHub: https://github.com/HaHaWTH/AuthMeReReloaded/
[03-23 23:06:42]: [INFO] Checking for updates...
[03-23 23:06:44]: [INFO] You are running the latest version.
[03-23 23:06:50]: [INFO:FINE] 9Mohitsoni1 logged in 127.0.0.1
[03-23 23:09:04]: [INFO:FINE] mastermen1 logged in 10.168.189.222
[03-23 23:11:15]: [INFO:FINE] mastermen1 logged in 10.168.189.222
[03-23 23:12:56]: [INFO:FINE] mastermen1 logged in 10.168.189.222
[03-23 23:14:29]: [INFO] AuthMe 5.7.0-FORK-b53 is unloaded successfully!
[03-23 23:20:27]: [INFO] SQLite Setup finished
[03-23 23:20:28]: [INFO] Hooked into LuckPerms!
[03-23 23:20:28]: [INFO] Hooked successfully into Essentials
[03-23 23:20:28]: [INFO] Hooked successfully into PlaceholderAPI
[03-23 23:20:28]: [INFO] 
    ___         __  __    __  ___   
   /   | __  __/ /_/ /_  /  |/  /__ 
  / /| |/ / / / __/ __ \/ /|_/ / _ \
 / ___ / /_/ / /_/ / / / /  / /  __/
/_/  |_\__,_/\__/_/ /_/_/  /_/\___/ 
                                    
[03-23 23:20:28]: [INFO] AuthMeReReloaded is running on Paper
[03-23 23:20:28]: [INFO] AuthMeReReloaded is enabled successfully!
[03-23 23:20:28]: [INFO] GitHub: https://github.com/HaHaWTH/AuthMeReReloaded/
[03-23 23:20:28]: [INFO] Checking for updates...
[03-23 23:20:30]: [INFO] You are running the latest version.
[03-23 23:20:31]: [INFO:FINE] 9Mohitsoni1 logged in 127.0.0.1
[03-23 23:21:03]: [INFO] AuthMe 5.7.0-FORK-b53 is unloaded successfully!
[03-23 23:25:44]: [INFO] SQLite Setup finished
[03-23 23:25:44]: [INFO] Hooked into LuckPerms!
[03-23 23:25:45]: [INFO] Hooked successfully into Essentials
[03-23 23:25:45]: [INFO] Hooked successfully into PlaceholderAPI
[03-23 23:25:45]: [INFO] 
    ___         __  __    __  ___   
   /   | __  __/ /_/ /_  /  |/  /__ 
  / /| |/ / / / __/ __ \/ /|_/ / _ \
 / ___ / /_/ / /_/ / / / /  / /  __/
/_/  |_\__,_/\__/_/ /_/_/  /_/\___/ 
                                    
[03-23 23:25:45]: [INFO] AuthMeReReloaded is running on Paper
[03-23 23:25:45]: [INFO] AuthMeReReloaded is enabled successfully!
[03-23 23:25:45]: [INFO] GitHub: https://github.com/HaHaWTH/AuthMeReReloaded/
[03-23 23:25:45]: [INFO] Checking for updates...
[03-23 23:25:46]: [INFO] You are running the latest version.
[03-23 23:26:02]: [INFO:FINE] 9Mohitsoni1 logged in 127.0.0.1
[03-23 23:27:35]: [INFO:FINE] mastermen1 logged in 10.168.189.222
[03-23 23:32:06]: [INFO] AuthMe 5.7.0-FORK-b53 is unloaded successfully!
[03-24 01:15:47]: [INFO] SQLite Setup finished
[03-24 01:15:47]: [INFO] Hooked into LuckPerms!
[03-24 01:15:47]: [INFO] Hooked successfully into Essentials
[03-24 01:15:47]: [INFO] Hooked successfully into PlaceholderAPI
[03-24 01:15:47]: [INFO] 
    ___         __  __    __  ___   
   /   | __  __/ /_/ /_  /  |/  /__ 
  / /| |/ / / / __/ __ \/ /|_/ / _ \
 / ___ / /_/ / /_/ / / / /  / /  __/
/_/  |_\__,_/\__/_/ /_/_/  /_/\___/ 
                                    
[03-24 01:15:47]: [INFO] AuthMeReReloaded is running on Paper
[03-24 01:15:47]: [INFO] AuthMeReReloaded is enabled successfully!
[03-24 01:15:47]: [INFO] GitHub: https://github.com/HaHaWTH/AuthMeReReloaded/
[03-24 01:15:47]: [INFO] Checking for updates...
[03-24 01:15:49]: [INFO] You are running the latest version.
[03-24 01:15:54]: [INFO:FINE] 9Mohitsoni1 logged in 127.0.0.1
[03-24 01:55:26]: [INFO] AuthMe 5.7.0-FORK-b53 is unloaded successfully!
[03-24 01:55:56]: [INFO] SQLite Setup finished
[03-24 01:55:56]: [INFO] Hooked into LuckPerms!
[03-24 01:55:57]: [INFO] Hooked successfully into Essentials
[03-24 01:55:57]: [INFO] Hooked successfully into PlaceholderAPI
[03-24 01:55:57]: [INFO] 
    ___         __  __    __  ___   
   /   | __  __/ /_/ /_  /  |/  /__ 
  / /| |/ / / / __/ __ \/ /|_/ / _ \
 / ___ / /_/ / /_/ / / / /  / /  __/
/_/  |_\__,_/\__/_/ /_/_/  /_/\___/ 
                                    
[03-24 01:55:57]: [INFO] AuthMeReReloaded is running on Paper
[03-24 01:55:57]: [INFO] AuthMeReReloaded is enabled successfully!
[03-24 01:55:57]: [INFO] GitHub: https://github.com/HaHaWTH/AuthMeReReloaded/
[03-24 01:55:57]: [INFO] Checking for updates...
[03-24 01:55:58]: [INFO] You are running the latest version.
[03-24 01:56:07]: [INFO:FINE] 9Mohitsoni1 logged in 127.0.0.1
[03-24 01:57:45]: [INFO] AuthMe 5.7.0-FORK-b53 is unloaded successfully!
[03-24 02:04:39]: [INFO] SQLite Setup finished
[03-24 02:04:39]: [INFO] Hooked into LuckPerms!
[03-24 02:04:39]: [INFO] Hooked successfully into Essentials
[03-24 02:04:39]: [INFO] Hooked successfully into PlaceholderAPI
[03-24 02:04:39]: [INFO] 
    ___         __  __    __  ___   
   /   | __  __/ /_/ /_  /  |/  /__ 
  / /| |/ / / / __/ __ \/ /|_/ / _ \
 / ___ / /_/ / /_/ / / / /  / /  __/
/_/  |_\__,_/\__/_/ /_/_/  /_/\___/ 
                                    
[03-24 02:04:39]: [INFO] AuthMeReReloaded is running on Paper
[03-24 02:04:39]: [INFO] AuthMeReReloaded is enabled successfully!
[03-24 02:04:39]: [INFO] GitHub: https://github.com/HaHaWTH/AuthMeReReloaded/
[03-24 02:04:39]: [INFO] Checking for updates...
[03-24 02:04:41]: [INFO] You are running the latest version.
[03-24 02:04:51]: [INFO:FINE] 9Mohitsoni1 logged in 127.0.0.1
[03-24 02:08:45]: [INFO:FINE] 9Mohitsoni1 logged in 127.0.0.1
[03-24 02:26:14]: [INFO] AuthMe 5.7.0-FORK-b53 is unloaded successfully!
[03-24 09:21:43]: [INFO] SQLite Setup finished
[03-24 09:21:43]: [INFO] Hooked into LuckPerms!
[03-24 09:21:43]: [INFO] Hooked successfully into Essentials
[03-24 09:21:43]: [INFO] Hooked successfully into PlaceholderAPI
[03-24 09:21:43]: [INFO] 
    ___         __  __    __  ___   
   /   | __  __/ /_/ /_  /  |/  /__ 
  / /| |/ / / / __/ __ \/ /|_/ / _ \
 / ___ / /_/ / /_/ / / / /  / /  __/
/_/  |_\__,_/\__/_/ /_/_/  /_/\___/ 
                                    
[03-24 09:21:43]: [INFO] AuthMeReReloaded is running on Paper
[03-24 09:21:43]: [INFO] AuthMeReReloaded is enabled successfully!
[03-24 09:21:43]: [INFO] GitHub: https://github.com/HaHaWTH/AuthMeReReloaded/
[03-24 09:21:43]: [INFO] Checking for updates...
[03-24 09:21:45]: [INFO] You are running the latest version.
[03-24 09:22:12]: [INFO:FINE] 9Mohitsoni1 logged in 127.0.0.1
[03-24 09:23:29]: [INFO] AuthMe 5.7.0-FORK-b53 is unloaded successfully!
[03-24 11:29:19]: [INFO] SQLite Setup finished
[03-24 11:29:19]: [INFO] Hooked into LuckPerms!
[03-24 11:29:19]: [INFO] Hooked successfully into Essentials
[03-24 11:29:19]: [INFO] Hooked successfully into PlaceholderAPI
[03-24 11:29:19]: [INFO] 
    ___         __  __    __  ___   
   /   | __  __/ /_/ /_  /  |/  /__ 
  / /| |/ / / / __/ __ \/ /|_/ / _ \
 / ___ / /_/ / /_/ / / / /  / /  __/
/_/  |_\__,_/\__/_/ /_/_/  /_/\___/ 
                                    
[03-24 11:29:19]: [INFO] AuthMeReReloaded is running on Paper
[03-24 11:29:19]: [INFO] AuthMeReReloaded is enabled successfully!
[03-24 11:29:19]: [INFO] GitHub: https://github.com/HaHaWTH/AuthMeReReloaded/
[03-24 11:29:19]: [INFO] Checking for updates...
[03-24 11:29:20]: [INFO] You are running the latest version.
[03-24 11:30:18]: [INFO:FINE] mastermen1 logged in 127.0.0.1
[03-24 11:55:11]: [INFO] SQLite Setup finished
[03-24 11:55:11]: [INFO] Hooked into LuckPerms!
[03-24 11:55:11]: [INFO] Hooked successfully into Essentials
[03-24 11:55:11]: [INFO] Hooked successfully into PlaceholderAPI
[03-24 11:55:11]: [INFO] 
    ___         __  __    __  ___   
   /   | __  __/ /_/ /_  /  |/  /__ 
  / /| |/ / / / __/ __ \/ /|_/ / _ \
 / ___ / /_/ / /_/ / / / /  / /  __/
/_/  |_\__,_/\__/_/ /_/_/  /_/\___/ 
                                    
[03-24 11:55:11]: [INFO] AuthMeReReloaded is running on Paper
[03-24 11:55:11]: [INFO] AuthMeReReloaded is enabled successfully!
[03-24 11:55:11]: [INFO] GitHub: https://github.com/HaHaWTH/AuthMeReReloaded/
[03-24 11:55:11]: [INFO] Checking for updates...
[03-24 11:55:12]: [INFO] You are running the latest version.
[03-24 11:55:42]: [INFO:FINE] mastermen1 logged in 127.0.0.1
[03-24 12:04:50]: [INFO] SQLite Setup finished
[03-24 12:04:50]: [INFO] Hooked into LuckPerms!
[03-24 12:04:50]: [INFO] Hooked successfully into Essentials
[03-24 12:04:50]: [INFO] Hooked successfully into PlaceholderAPI
[03-24 12:04:50]: [INFO] 
    ___         __  __    __  ___   
   /   | __  __/ /_/ /_  /  |/  /__ 
  / /| |/ / / / __/ __ \/ /|_/ / _ \
 / ___ / /_/ / /_/ / / / /  / /  __/
/_/  |_\__,_/\__/_/ /_/_/  /_/\___/ 
                                    
[03-24 12:04:50]: [INFO] AuthMeReReloaded is running on Paper
[03-24 12:04:50]: [INFO] AuthMeReReloaded is enabled successfully!
[03-24 12:04:50]: [INFO] GitHub: https://github.com/HaHaWTH/AuthMeReReloaded/
[03-24 12:04:50]: [INFO] Checking for updates...
[03-24 12:04:51]: [INFO] You are running the latest version.
[03-24 12:05:19]: [INFO:FINE] mastermen1 logged in 127.0.0.1
[03-24 12:15:03]: [INFO] SQLite Setup finished
[03-24 12:15:03]: [INFO] Hooked into LuckPerms!
[03-24 12:15:03]: [INFO] Hooked successfully into Essentials
[03-24 12:15:03]: [INFO] Hooked successfully into PlaceholderAPI
[03-24 12:15:03]: [INFO] 
    ___         __  __    __  ___   
   /   | __  __/ /_/ /_  /  |/  /__ 
  / /| |/ / / / __/ __ \/ /|_/ / _ \
 / ___ / /_/ / /_/ / / / /  / /  __/
/_/  |_\__,_/\__/_/ /_/_/  /_/\___/ 
                                    
[03-24 12:15:03]: [INFO] AuthMeReReloaded is running on Paper
[03-24 12:15:03]: [INFO] AuthMeReReloaded is enabled successfully!
[03-24 12:15:03]: [INFO] GitHub: https://github.com/HaHaWTH/AuthMeReReloaded/
[03-24 12:15:03]: [INFO] Checking for updates...
[03-24 12:15:04]: [INFO] You are running the latest version.
[03-24 12:15:18]: [INFO:FINE] mastermen1 logged in 127.0.0.1
[03-24 20:02:46]: [INFO] SQLite Setup finished
[03-24 20:02:46]: [INFO] Hooked into LuckPerms!
[03-24 20:02:46]: [INFO] Hooked successfully into Essentials
[03-24 20:02:46]: [INFO] Hooked successfully into PlaceholderAPI
[03-24 20:02:46]: [INFO] 
    ___         __  __    __  ___   
   /   | __  __/ /_/ /_  /  |/  /__ 
  / /| |/ / / / __/ __ \/ /|_/ / _ \
 / ___ / /_/ / /_/ / / / /  / /  __/
/_/  |_\__,_/\__/_/ /_/_/  /_/\___/ 
                                    
[03-24 20:02:46]: [INFO] AuthMeReReloaded is running on Paper
[03-24 20:02:46]: [INFO] AuthMeReReloaded is enabled successfully!
[03-24 20:02:46]: [INFO] GitHub: https://github.com/HaHaWTH/AuthMeReReloaded/
[03-24 20:02:46]: [INFO] Checking for updates...
[03-24 20:02:47]: [INFO] You are running the latest version.
[03-24 20:03:44]: [INFO:FINE] mastermen1 logged in 127.0.0.1
[03-24 20:48:51]: [INFO] SQLite Setup finished
[03-24 20:48:51]: [INFO] Hooked into LuckPerms!
[03-24 20:48:51]: [INFO] Hooked successfully into Essentials
[03-24 20:48:51]: [INFO] Hooked successfully into PlaceholderAPI
[03-24 20:48:52]: [INFO] 
    ___         __  __    __  ___   
   /   | __  __/ /_/ /_  /  |/  /__ 
  / /| |/ / / / __/ __ \/ /|_/ / _ \
 / ___ / /_/ / /_/ / / / /  / /  __/
/_/  |_\__,_/\__/_/ /_/_/  /_/\___/ 
                                    
[03-24 20:48:52]: [INFO] AuthMeReReloaded is running on Paper
[03-24 20:48:52]: [INFO] AuthMeReReloaded is enabled successfully!
[03-24 20:48:52]: [INFO] GitHub: https://github.com/HaHaWTH/AuthMeReReloaded/
[03-24 20:48:52]: [INFO] Checking for updates...
[03-24 20:48:52]: [INFO] You are running the latest version.
[03-24 20:53:19]: [INFO:FINE] mastermen1 logged in 127.0.0.1
[03-24 21:00:43]: [INFO] SQLite Setup finished
[03-24 21:00:43]: [INFO] Hooked into LuckPerms!
[03-24 21:00:43]: [INFO] Hooked successfully into Essentials
[03-24 21:00:43]: [INFO] Hooked successfully into PlaceholderAPI
[03-24 21:00:43]: [INFO] 
    ___         __  __    __  ___   
   /   | __  __/ /_/ /_  /  |/  /__ 
  / /| |/ / / / __/ __ \/ /|_/ / _ \
 / ___ / /_/ / /_/ / / / /  / /  __/
/_/  |_\__,_/\__/_/ /_/_/  /_/\___/ 
                                    
[03-24 21:00:43]: [INFO] AuthMeReReloaded is running on Paper
[03-24 21:00:43]: [INFO] AuthMeReReloaded is enabled successfully!
[03-24 21:00:43]: [INFO] GitHub: https://github.com/HaHaWTH/AuthMeReReloaded/
[03-24 21:00:43]: [INFO] Checking for updates...
[03-24 21:00:44]: [INFO] You are running the latest version.
[03-24 21:01:34]: [INFO:FINE] mastermen1 logged in 127.0.0.1
